<?xml version="1.0" encoding="UTF-8"?>
<testng-results ignored="0" total="7" passed="7" failed="0" skipped="0">
  <reporter-output>
  </reporter-output>
  <suite started-at="2025-01-24T13:37:50 IST" name="Default suite" finished-at="2025-01-24T13:38:13 IST" duration-ms="22189">
    <groups>
      <group name="cucumber">
        <method signature="AbstractTestNGCucumberTests.runScenario(io.cucumber.testng.PickleWrapper,io.cucumber.testng.FeatureWrapper)[pri:0, instance:testRunner.TestRunner@279fedbd]" name="runScenario" class="io.cucumber.testng.AbstractTestNGCucumberTests"/>
      </group> <!-- cucumber -->
    </groups>
    <test started-at="2025-01-24T13:37:50 IST" name="Default test" finished-at="2025-01-24T13:38:13 IST" duration-ms="22189">
      <class name="testRunner.TestRunner">
        <test-method is-config="true" signature="setUpClass(org.testng.ITestContext)[pri:0, instance:testRunner.TestRunner@279fedbd]" started-at="2025-01-24T13:37:50 IST" name="setUpClass" finished-at="2025-01-24T13:37:57 IST" duration-ms="6984" status="PASS">
          <params>
            <param index="0">
              <value>
                <![CDATA[org.testng.TestRunner@95eb320]]>
              </value>
            </param>
          </params>
          <reporter-output>
          </reporter-output>
        </test-method> <!-- setUpClass -->
        <test-method signature="runScenario(io.cucumber.testng.PickleWrapper,io.cucumber.testng.FeatureWrapper)[pri:0, instance:testRunner.TestRunner@279fedbd]" started-at="2025-01-24T13:37:57 IST" name="runScenario" description="Runs Cucumber Scenarios" data-provider="scenarios" finished-at="2025-01-24T13:37:59 IST" duration-ms="1924" status="PASS">
          <params>
            <param index="0">
              <value>
                <![CDATA["Test Login Functionality with valid username"]]>
              </value>
            </param>
            <param index="1">
              <value>
                <![CDATA["To Test Orange HRM"]]>
              </value>
            </param>
          </params>
          <reporter-output>
          </reporter-output>
        </test-method> <!-- runScenario -->
        <test-method signature="runScenario(io.cucumber.testng.PickleWrapper,io.cucumber.testng.FeatureWrapper)[pri:0, instance:testRunner.TestRunner@279fedbd]" started-at="2025-01-24T13:37:59 IST" name="runScenario" description="Runs Cucumber Scenarios" data-provider="scenarios" finished-at="2025-01-24T13:38:01 IST" duration-ms="1352" status="PASS">
          <params>
            <param index="0">
              <value>
                <![CDATA["Test Login Functionality with valid password"]]>
              </value>
            </param>
            <param index="1">
              <value>
                <![CDATA["To Test Orange HRM"]]>
              </value>
            </param>
          </params>
          <reporter-output>
          </reporter-output>
        </test-method> <!-- runScenario -->
        <test-method signature="runScenario(io.cucumber.testng.PickleWrapper,io.cucumber.testng.FeatureWrapper)[pri:0, instance:testRunner.TestRunner@279fedbd]" started-at="2025-01-24T13:38:01 IST" name="runScenario" description="Runs Cucumber Scenarios" data-provider="scenarios" finished-at="2025-01-24T13:38:03 IST" duration-ms="2626" status="PASS">
          <params>
            <param index="0">
              <value>
                <![CDATA["Test Login Functionality with Invalid credentials"]]>
              </value>
            </param>
            <param index="1">
              <value>
                <![CDATA["To Test Orange HRM"]]>
              </value>
            </param>
          </params>
          <reporter-output>
          </reporter-output>
        </test-method> <!-- runScenario -->
        <test-method signature="runScenario(io.cucumber.testng.PickleWrapper,io.cucumber.testng.FeatureWrapper)[pri:0, instance:testRunner.TestRunner@279fedbd]" started-at="2025-01-24T13:38:03 IST" name="runScenario" description="Runs Cucumber Scenarios" data-provider="scenarios" finished-at="2025-01-24T13:38:04 IST" duration-ms="1137" status="PASS">
          <params>
            <param index="0">
              <value>
                <![CDATA["Test Login Functionality with Invalid credentials"]]>
              </value>
            </param>
            <param index="1">
              <value>
                <![CDATA["To Test Orange HRM"]]>
              </value>
            </param>
          </params>
          <reporter-output>
          </reporter-output>
        </test-method> <!-- runScenario -->
        <test-method signature="runScenario(io.cucumber.testng.PickleWrapper,io.cucumber.testng.FeatureWrapper)[pri:0, instance:testRunner.TestRunner@279fedbd]" started-at="2025-01-24T13:38:04 IST" name="runScenario" description="Runs Cucumber Scenarios" data-provider="scenarios" finished-at="2025-01-24T13:38:07 IST" duration-ms="2776" status="PASS">
          <params>
            <param index="0">
              <value>
                <![CDATA["Test Login Functionality with valid username and invalid password"]]>
              </value>
            </param>
            <param index="1">
              <value>
                <![CDATA["To Test Orange HRM"]]>
              </value>
            </param>
          </params>
          <reporter-output>
          </reporter-output>
        </test-method> <!-- runScenario -->
        <test-method signature="runScenario(io.cucumber.testng.PickleWrapper,io.cucumber.testng.FeatureWrapper)[pri:0, instance:testRunner.TestRunner@279fedbd]" started-at="2025-01-24T13:38:07 IST" name="runScenario" description="Runs Cucumber Scenarios" data-provider="scenarios" finished-at="2025-01-24T13:38:10 IST" duration-ms="2515" status="PASS">
          <params>
            <param index="0">
              <value>
                <![CDATA["Test Login Functionality with Invalid username and valid password"]]>
              </value>
            </param>
            <param index="1">
              <value>
                <![CDATA["To Test Orange HRM"]]>
              </value>
            </param>
          </params>
          <reporter-output>
          </reporter-output>
        </test-method> <!-- runScenario -->
        <test-method signature="runScenario(io.cucumber.testng.PickleWrapper,io.cucumber.testng.FeatureWrapper)[pri:0, instance:testRunner.TestRunner@279fedbd]" started-at="2025-01-24T13:38:10 IST" name="runScenario" description="Runs Cucumber Scenarios" data-provider="scenarios" finished-at="2025-01-24T13:38:13 IST" duration-ms="2771" status="PASS">
          <params>
            <param index="0">
              <value>
                <![CDATA["Test Login Functionality with valid username and valid password"]]>
              </value>
            </param>
            <param index="1">
              <value>
                <![CDATA["To Test Orange HRM"]]>
              </value>
            </param>
          </params>
          <reporter-output>
          </reporter-output>
        </test-method> <!-- runScenario -->
        <test-method is-config="true" signature="tearDownClass()[pri:0, instance:testRunner.TestRunner@279fedbd]" started-at="2025-01-24T13:38:13 IST" name="tearDownClass" finished-at="2025-01-24T13:38:13 IST" duration-ms="6" status="PASS">
          <reporter-output>
          </reporter-output>
        </test-method> <!-- tearDownClass -->
      </class> <!-- testRunner.TestRunner -->
    </test> <!-- Default test -->
  </suite> <!-- Default suite -->
</testng-results>
