<?xml version="1.0" encoding="UTF-8"?>
<testng-results ignored="0" total="3" passed="3" failed="0" skipped="0">
  <reporter-output>
  </reporter-output>
  <suite started-at="2025-01-24T13:01:43 IST" name="Default suite" finished-at="2025-01-24T13:03:35 IST" duration-ms="112112">
    <groups>
      <group name="cucumber">
        <method signature="AbstractTestNGCucumberTests.runScenario(io.cucumber.testng.PickleWrapper,io.cucumber.testng.FeatureWrapper)[pri:0, instance:Runner.TestRunner@292b08d6]" name="runScenario" class="io.cucumber.testng.AbstractTestNGCucumberTests"/>
      </group> <!-- cucumber -->
    </groups>
    <test started-at="2025-01-24T13:01:43 IST" name="Default test" finished-at="2025-01-24T13:03:35 IST" duration-ms="112112">
      <class name="Runner.TestRunner">
        <test-method is-config="true" signature="setUpClass(org.testng.ITestContext)[pri:0, instance:Runner.TestRunner@292b08d6]" started-at="2025-01-24T13:01:43 IST" name="setUpClass" finished-at="2025-01-24T13:02:38 IST" duration-ms="55181" status="PASS">
          <params>
            <param index="0">
              <value>
                <![CDATA[org.testng.TestRunner@65a5d4f9]]>
              </value>
            </param>
          </params>
          <reporter-output>
          </reporter-output>
        </test-method> <!-- setUpClass -->
        <test-method signature="runScenario(io.cucumber.testng.PickleWrapper,io.cucumber.testng.FeatureWrapper)[pri:0, instance:Runner.TestRunner@292b08d6]" started-at="2025-01-24T13:02:38 IST" name="runScenario" description="Runs Cucumber Scenarios" data-provider="scenarios" finished-at="2025-01-24T13:03:07 IST" duration-ms="28710" status="PASS">
          <params>
            <param index="0">
              <value>
                <![CDATA["Test Login Functionality with valid username"]]>
              </value>
            </param>
            <param index="1">
              <value>
                <![CDATA["To Test Orange HRM"]]>
              </value>
            </param>
          </params>
          <reporter-output>
          </reporter-output>
        </test-method> <!-- runScenario -->
        <test-method signature="runScenario(io.cucumber.testng.PickleWrapper,io.cucumber.testng.FeatureWrapper)[pri:0, instance:Runner.TestRunner@292b08d6]" started-at="2025-01-24T13:03:07 IST" name="runScenario" description="Runs Cucumber Scenarios" data-provider="scenarios" finished-at="2025-01-24T13:03:28 IST" duration-ms="21569" status="PASS">
          <params>
            <param index="0">
              <value>
                <![CDATA["Test Login Functionality with valid password"]]>
              </value>
            </param>
            <param index="1">
              <value>
                <![CDATA["To Test Orange HRM"]]>
              </value>
            </param>
          </params>
          <reporter-output>
          </reporter-output>
        </test-method> <!-- runScenario -->
        <test-method signature="runScenario(io.cucumber.testng.PickleWrapper,io.cucumber.testng.FeatureWrapper)[pri:0, instance:Runner.TestRunner@292b08d6]" started-at="2025-01-24T13:03:28 IST" name="runScenario" description="Runs Cucumber Scenarios" data-provider="scenarios" finished-at="2025-01-24T13:03:34 IST" duration-ms="5694" status="PASS">
          <params>
            <param index="0">
              <value>
                <![CDATA["Test Login Functionality with Invalid credentials"]]>
              </value>
            </param>
            <param index="1">
              <value>
                <![CDATA["To Test Orange HRM"]]>
              </value>
            </param>
          </params>
          <reporter-output>
          </reporter-output>
        </test-method> <!-- runScenario -->
        <test-method is-config="true" signature="tearDownClass()[pri:0, instance:Runner.TestRunner@292b08d6]" started-at="2025-01-24T13:03:35 IST" name="tearDownClass" finished-at="2025-01-24T13:03:35 IST" duration-ms="169" status="PASS">
          <reporter-output>
          </reporter-output>
        </test-method> <!-- tearDownClass -->
      </class> <!-- Runner.TestRunner -->
    </test> <!-- Default test -->
  </suite> <!-- Default suite -->
</testng-results>
